Using pre-set license
Built from '2020.3/staging' branch; Version is '2020.3.8f1 (507919d4fff5) revision 5273881'; Using compiler version '192528614'; Build Type 'Release'
OS: 'Windows 10 Home; OS build 22631.4317; Version 2009; 64bit' Language: 'en' Physical Memory: 16059 MB
BatchMode: 1, IsHumanControllingUs: 0, StartBugReporterOnCrash: 0, Is64bit: 1, IsPro: 0

 COMMAND LINE ARGUMENTS:
C:\Program Files\Unity\Hub\Editor\2020.3.8f1\Editor\Unity.exe
-adb2
-batchMode
-noUpm
-name
AssetImportWorker0
-projectPath
C:/Users/sauer/Git Demo
-logFile
Logs/AssetImportWorker0.log
-srvPort
63149
Successfully changed project path to: C:/Users/sauer/Git Demo
C:/Users/sauer/Git Demo
Using Asset Import Pipeline V2.
Refreshing native plugins compatible for Editor in 27.96 ms, found 0 plugins.
Preloading 0 native plugins for Editor in 0.00 ms.
Initialize engine version: 2020.3.8f1 (507919d4fff5)
[Subsystems] Discovering subsystems at path C:/Program Files/Unity/Hub/Editor/2020.3.8f1/Editor/Data/Resources/UnitySubsystems
[Subsystems] Discovering subsystems at path C:/Users/sauer/Git Demo/Assets
GfxDevice: creating device client; threaded=0
Direct3D:
    Version:  Direct3D 11.0 [level 11.1]
    Renderer: NVIDIA GeForce RTX 3070 (ID=0x2488)
    Vendor:   
    VRAM:     8018 MB
    Driver:   32.0.15.5599
Initialize mono
Mono path[0] = 'C:/Program Files/Unity/Hub/Editor/2020.3.8f1/Editor/Data/Managed'
Mono path[1] = 'C:/Program Files/Unity/Hub/Editor/2020.3.8f1/Editor/Data/MonoBleedingEdge/lib/mono/unityjit'
Mono config path = 'C:/Program Files/Unity/Hub/Editor/2020.3.8f1/Editor/Data/MonoBleedingEdge/etc'
Using monoOptions --debugger-agent=transport=dt_socket,embedding=1,server=y,suspend=n,address=127.0.0.1:56408
Begin MonoManager ReloadAssembly
Registering precompiled unity dll's ...
Register platform support module: C:/Program Files/Unity/Hub/Editor/2020.3.8f1/Editor/Data/PlaybackEngines/WindowsStandaloneSupport/UnityEditor.WindowsStandalone.Extensions.dll
Registered in 0.001322 seconds.
Native extension for WindowsStandalone target not found
Refreshing native plugins compatible for Editor in 23.00 ms, found 0 plugins.
Preloading 0 native plugins for Editor in 0.00 ms.
Mono: successfully reloaded assembly
- Completed reload, in  2.261 seconds
Platform modules already initialized, skipping
Registering precompiled user dll's ...
Registered in 0.001873 seconds.
Begin MonoManager ReloadAssembly
Native extension for WindowsStandalone target not found
Refreshing native plugins compatible for Editor in 0.41 ms, found 0 plugins.
Preloading 0 native plugins for Editor in 0.00 ms.
Mono: successfully reloaded assembly
- Completed reload, in  0.757 seconds
Platform modules already initialized, skipping
========================================================================
Worker process is ready to serve import requests
Launched and connected shader compiler UnityShaderCompiler.exe after 0.10 seconds
Refreshing native plugins compatible for Editor in 0.47 ms, found 0 plugins.
Preloading 0 native plugins for Editor in 0.00 ms.
Unloading 1115 Unused Serialized files (Serialized files now loaded: 0)
System memory in use before: 57.0 MB.
System memory in use after: 57.1 MB.

Unloading 9 unused Assets to reduce memory usage. Loaded Objects now: 1558.
Total: 3.717400 ms (FindLiveObjects: 0.239100 ms CreateObjectMapping: 0.045200 ms MarkObjects: 3.299100 ms  DeleteObjects: 0.130600 ms)

========================================================================
Received Import Request.
  path: Assets
  artifactKey: Guid(00000000000000001000000000000000) Importer(815301076,1909f56bfc062723c751e8b465ee728b)
Start importing Assets using Guid(00000000000000001000000000000000) Importer(815301076,1909f56bfc062723c751e8b465ee728b)  -> (artifact id: '42d402b061de3733987d63b9cc3b64de') in 0.007600 seconds
  Import took 0.010725 seconds .

========================================================================
Received Import Request.
  Time since last request: 3.040087 seconds.
  path: Assets/Materials
  artifactKey: Guid(018f8adafb1306145978f3f5eec237fd) Importer(815301076,1909f56bfc062723c751e8b465ee728b)
Start importing Assets/Materials using Guid(018f8adafb1306145978f3f5eec237fd) Importer(815301076,1909f56bfc062723c751e8b465ee728b)  -> (artifact id: '07e9c4222a3bf754e7df5e11a540e432') in 0.004616 seconds
  Import took 0.008091 seconds .

========================================================================
Received Import Request.
  Time since last request: 3.926166 seconds.
  path: Assets/Materials/New Material.mat
  artifactKey: Guid(ff4769619161a2d4daad5dd9dfc7001d) Importer(815301076,1909f56bfc062723c751e8b465ee728b)
Start importing Assets/Materials/New Material.mat using Guid(ff4769619161a2d4daad5dd9dfc7001d) Importer(815301076,1909f56bfc062723c751e8b465ee728b)  -> (artifact id: '9b1b9bd2a10c9a5f538d10ee6ee4256f') in 0.117626 seconds
  Import took 0.120629 seconds .

========================================================================
Received Import Request.
  Time since last request: 2.727410 seconds.
  path: Assets/Materials/Red.mat
  artifactKey: Guid(ff4769619161a2d4daad5dd9dfc7001d) Importer(815301076,1909f56bfc062723c751e8b465ee728b)
Start importing Assets/Materials/Red.mat using Guid(ff4769619161a2d4daad5dd9dfc7001d) Importer(815301076,1909f56bfc062723c751e8b465ee728b)  -> (artifact id: '8be56a6c957a3abf1eb2947ac8a865df') in 0.012540 seconds
  Import took 0.017803 seconds .

========================================================================
Received Import Request.
  Time since last request: 60.047034 seconds.
  path: Assets/Materials/Red.mat
  artifactKey: Guid(ff4769619161a2d4daad5dd9dfc7001d) Importer(815301076,1909f56bfc062723c751e8b465ee728b)
Start importing Assets/Materials/Red.mat using Guid(ff4769619161a2d4daad5dd9dfc7001d) Importer(815301076,1909f56bfc062723c751e8b465ee728b)  -> (artifact id: '2d5ab20daf9362441b55ed13362f23ea') in 0.023780 seconds
  Import took 0.027730 seconds .

AssetImportWorkerClient::OnTransportError - code=2 error=End of file
